2021-03-21 21:30:13,075,main.py[30] [DEBUG] debug 
2021-03-21 21:30:13,076,main.py[31] [INFO] info 
2021-03-21 21:30:13,076,main.py[32] [WARNING] warning 
2021-03-21 21:30:13,076,main.py[33] [ERROR] error 
2021-03-21 21:30:13,077,main.py[34] [CRITICAL] critical 
2021-03-21 21:34:02,960,main.py[30] [DEBUG] debug 
2021-03-21 21:34:02,960,main.py[31] [INFO] info 
2021-03-21 21:34:02,961,main.py[32] [WARNING] warning 
2021-03-21 21:34:02,961,main.py[33] [ERROR] error 
2021-03-21 21:34:02,962,main.py[34] [CRITICAL] critical 
2021-03-21 21:34:03,678,main.py[30] [DEBUG] debug 
2021-03-21 21:34:03,679,main.py[31] [INFO] info 
2021-03-21 21:34:03,680,main.py[32] [WARNING] warning 
2021-03-21 21:34:03,680,main.py[33] [ERROR] error 
2021-03-21 21:34:03,681,main.py[34] [CRITICAL] critical 
2021-03-21 21:34:04,425,main.py[30] [DEBUG] debug 
2021-03-21 21:34:04,426,main.py[31] [INFO] info 
2021-03-21 21:34:04,426,main.py[32] [WARNING] warning 
2021-03-21 21:34:04,426,main.py[33] [ERROR] error 
2021-03-21 21:34:04,427,main.py[34] [CRITICAL] critical 
2021-03-21 21:34:05,048,main.py[30] [DEBUG] debug 
2021-03-21 21:34:05,049,main.py[31] [INFO] info 
2021-03-21 21:34:05,049,main.py[32] [WARNING] warning 
2021-03-21 21:34:05,049,main.py[33] [ERROR] error 
2021-03-21 21:34:05,049,main.py[34] [CRITICAL] critical 
2021-03-21 21:34:05,624,main.py[30] [DEBUG] debug 
2021-03-21 21:34:05,624,main.py[31] [INFO] info 
2021-03-21 21:34:05,624,main.py[32] [WARNING] warning 
2021-03-21 21:34:05,624,main.py[33] [ERROR] error 
2021-03-21 21:34:05,625,main.py[34] [CRITICAL] critical 
2021-03-21 21:34:06,296,main.py[30] [DEBUG] debug 
2021-03-21 21:34:06,297,main.py[31] [INFO] info 
2021-03-21 21:34:06,297,main.py[32] [WARNING] warning 
2021-03-21 21:34:06,297,main.py[33] [ERROR] error 
2021-03-21 21:34:06,297,main.py[34] [CRITICAL] critical 
2021-03-21 21:34:06,996,main.py[30] [DEBUG] debug 
2021-03-21 21:34:06,996,main.py[31] [INFO] info 
2021-03-21 21:34:06,996,main.py[32] [WARNING] warning 
2021-03-21 21:34:06,996,main.py[33] [ERROR] error 
2021-03-21 21:34:06,997,main.py[34] [CRITICAL] critical 
2021-03-21 21:34:07,721,main.py[30] [DEBUG] debug 
2021-03-21 21:34:07,722,main.py[31] [INFO] info 
2021-03-21 21:34:07,722,main.py[32] [WARNING] warning 
2021-03-21 21:34:07,723,main.py[33] [ERROR] error 
2021-03-21 21:34:07,723,main.py[34] [CRITICAL] critical 
2021-03-21 21:34:08,724,main.py[30] [DEBUG] debug 
2021-03-21 21:34:08,725,main.py[31] [INFO] info 
2021-03-21 21:34:08,726,main.py[32] [WARNING] warning 
2021-03-21 21:34:08,726,main.py[33] [ERROR] error 
2021-03-21 21:34:08,726,main.py[34] [CRITICAL] critical 
2021-03-21 21:34:09,307,main.py[30] [DEBUG] debug 
2021-03-21 21:34:09,308,main.py[31] [INFO] info 
2021-03-21 21:34:09,308,main.py[32] [WARNING] warning 
2021-03-21 21:34:09,308,main.py[33] [ERROR] error 
2021-03-21 21:34:09,308,main.py[34] [CRITICAL] critical 
2021-03-21 21:34:10,498,main.py[30] [DEBUG] debug 
2021-03-21 21:34:10,499,main.py[31] [INFO] info 
2021-03-21 21:34:10,499,main.py[32] [WARNING] warning 
2021-03-21 21:34:10,499,main.py[33] [ERROR] error 
2021-03-21 21:34:10,500,main.py[34] [CRITICAL] critical 
2021-03-21 21:34:11,872,main.py[30] [DEBUG] debug 
2021-03-21 21:34:11,874,main.py[31] [INFO] info 
2021-03-21 21:34:11,874,main.py[32] [WARNING] warning 
2021-03-21 21:34:11,875,main.py[33] [ERROR] error 
2021-03-21 21:34:11,875,main.py[34] [CRITICAL] critical 
2021-03-21 21:34:13,097,main.py[30] [DEBUG] debug 
2021-03-21 21:34:13,099,main.py[31] [INFO] info 
2021-03-21 21:34:13,099,main.py[32] [WARNING] warning 
2021-03-21 21:34:13,100,main.py[33] [ERROR] error 
2021-03-21 21:34:13,100,main.py[34] [CRITICAL] critical 
2021-03-21 21:34:21,906,main.py[30] [DEBUG] debug 
2021-03-21 21:34:21,907,main.py[31] [INFO] info 
2021-03-21 21:34:21,907,main.py[32] [WARNING] warning 
2021-03-21 21:34:21,907,main.py[33] [ERROR] error 
2021-03-21 21:34:21,907,main.py[34] [CRITICAL] critical 
2021-03-21 21:34:26,064,main.py[30] [DEBUG] debug 
2021-03-21 21:34:26,064,main.py[31] [INFO] info 
2021-03-21 21:34:26,065,main.py[32] [WARNING] warning 
2021-03-21 21:34:26,065,main.py[33] [ERROR] error 
2021-03-21 21:34:26,065,main.py[34] [CRITICAL] critical 
2021-03-21 21:34:27,529,main.py[30] [DEBUG] debug 
2021-03-21 21:34:27,529,main.py[31] [INFO] info 
2021-03-21 21:34:27,530,main.py[32] [WARNING] warning 
2021-03-21 21:34:27,530,main.py[33] [ERROR] error 
2021-03-21 21:34:27,530,main.py[34] [CRITICAL] critical 
2021-03-21 21:34:28,376,main.py[30] [DEBUG] debug 
2021-03-21 21:34:28,377,main.py[31] [INFO] info 
2021-03-21 21:34:28,377,main.py[32] [WARNING] warning 
2021-03-21 21:34:28,378,main.py[33] [ERROR] error 
2021-03-21 21:34:28,378,main.py[34] [CRITICAL] critical 
2021-03-21 21:34:29,020,main.py[30] [DEBUG] debug 
2021-03-21 21:34:29,021,main.py[31] [INFO] info 
2021-03-21 21:34:29,021,main.py[32] [WARNING] warning 
2021-03-21 21:34:29,021,main.py[33] [ERROR] error 
2021-03-21 21:34:29,022,main.py[34] [CRITICAL] critical 
2021-03-21 21:34:29,770,main.py[30] [DEBUG] debug 
2021-03-21 21:34:29,771,main.py[31] [INFO] info 
2021-03-21 21:34:29,772,main.py[32] [WARNING] warning 
2021-03-21 21:34:29,773,main.py[33] [ERROR] error 
2021-03-21 21:34:29,774,main.py[34] [CRITICAL] critical 
2021-03-21 21:34:30,549,main.py[30] [DEBUG] debug 
2021-03-21 21:34:30,549,main.py[31] [INFO] info 
2021-03-21 21:34:30,549,main.py[32] [WARNING] warning 
2021-03-21 21:34:30,549,main.py[33] [ERROR] error 
2021-03-21 21:34:30,550,main.py[34] [CRITICAL] critical 
2021-03-21 21:34:31,553,main.py[30] [DEBUG] debug 
2021-03-21 21:34:31,554,main.py[31] [INFO] info 
2021-03-21 21:34:31,554,main.py[32] [WARNING] warning 
2021-03-21 21:34:31,554,main.py[33] [ERROR] error 
2021-03-21 21:34:31,554,main.py[34] [CRITICAL] critical 
2021-03-21 21:34:32,407,main.py[30] [DEBUG] debug 
2021-03-21 21:34:32,407,main.py[31] [INFO] info 
2021-03-21 21:34:32,408,main.py[32] [WARNING] warning 
2021-03-21 21:34:32,408,main.py[33] [ERROR] error 
2021-03-21 21:34:32,408,main.py[34] [CRITICAL] critical 
2021-03-21 21:34:33,344,main.py[30] [DEBUG] debug 
2021-03-21 21:34:33,344,main.py[31] [INFO] info 
2021-03-21 21:34:33,344,main.py[32] [WARNING] warning 
2021-03-21 21:34:33,344,main.py[33] [ERROR] error 
2021-03-21 21:34:33,344,main.py[34] [CRITICAL] critical 
2021-03-21 21:34:34,266,main.py[30] [DEBUG] debug 
2021-03-21 21:34:34,267,main.py[31] [INFO] info 
2021-03-21 21:34:34,271,main.py[32] [WARNING] warning 
2021-03-21 21:34:34,271,main.py[33] [ERROR] error 
2021-03-21 21:34:34,271,main.py[34] [CRITICAL] critical 
2021-03-21 21:34:34,813,main.py[30] [DEBUG] debug 
2021-03-21 21:34:34,814,main.py[31] [INFO] info 
2021-03-21 21:34:34,814,main.py[32] [WARNING] warning 
2021-03-21 21:34:34,814,main.py[33] [ERROR] error 
2021-03-21 21:34:34,814,main.py[34] [CRITICAL] critical 
2021-03-21 21:34:35,978,main.py[30] [DEBUG] debug 
2021-03-21 21:34:35,979,main.py[31] [INFO] info 
2021-03-21 21:34:35,979,main.py[32] [WARNING] warning 
2021-03-21 21:34:35,979,main.py[33] [ERROR] error 
2021-03-21 21:34:35,979,main.py[34] [CRITICAL] critical 
2021-03-21 21:40:24,975,main.py[30] [DEBUG] debug 
2021-03-21 21:40:24,975,main.py[31] [INFO] info 
2021-03-21 21:40:24,975,main.py[32] [WARNING] warning 
2021-03-21 21:40:24,975,main.py[33] [ERROR] error 
2021-03-21 21:40:24,976,main.py[34] [CRITICAL] critical 
